<?xml version="1.0" encoding="UTF-8"?>
<testsuite xmlns:xsi="http://www.w3.org/2001/XMLSchema-instance" xsi:schemaLocation="https://maven.apache.org/surefire/maven-surefire-plugin/xsd/surefire-test-report.xsd" name="TestSuite" time="34.902" tests="2" errors="0" skipped="0" failures="2">
  <properties>
    <property name="java.runtime.name" value="Java(TM) SE Runtime Environment"/>
    <property name="sun.boot.library.path" value="C:\Program Files\Java\jdk1.8.0_181\jre\bin"/>
    <property name="java.vm.version" value="25.181-b13"/>
    <property name="java.vm.vendor" value="Oracle Corporation"/>
    <property name="maven.multiModuleProjectDirectory" value="D:\Sippi\SelAutomation\Projects\dineoutwithus"/>
    <property name="java.vendor.url" value="http://java.oracle.com/"/>
    <property name="path.separator" value=";"/>
    <property name="guice.disable.misplaced.annotation.check" value="true"/>
    <property name="java.vm.name" value="Java HotSpot(TM) Client VM"/>
    <property name="file.encoding.pkg" value="sun.io"/>
    <property name="user.script" value=""/>
    <property name="user.country" value="US"/>
    <property name="sun.java.launcher" value="SUN_STANDARD"/>
    <property name="sun.os.patch.level" value="Service Pack 1"/>
    <property name="java.vm.specification.name" value="Java Virtual Machine Specification"/>
    <property name="user.dir" value="D:\Sippi\SelAutomation\Projects\dineoutwithus"/>
    <property name="java.runtime.version" value="1.8.0_181-b13"/>
    <property name="java.awt.graphicsenv" value="sun.awt.Win32GraphicsEnvironment"/>
    <property name="java.endorsed.dirs" value="C:\Program Files\Java\jdk1.8.0_181\jre\lib\endorsed"/>
    <property name="os.arch" value="x86"/>
    <property name="java.io.tmpdir" value="C:\Users\PRANIK~1\AppData\Local\Temp\"/>
    <property name="line.separator" value="&#10;"/>
    <property name="java.vm.specification.vendor" value="Oracle Corporation"/>
    <property name="user.variant" value=""/>
    <property name="os.name" value="Windows 7"/>
    <property name="classworlds.conf" value="D:\Sippi\SelAutomation\Projects\.metadata\.plugins\org.eclipse.m2e.launching\launches\m2conf7610205748681445563.tmp"/>
    <property name="sun.jnu.encoding" value="Cp1252"/>
    <property name="java.library.path" value="C:\Program Files\Java\jdk1.8.0_181\bin;C:\Windows\Sun\Java\bin;C:\Windows\system32;C:\Windows;C:/Program Files/Java/jre1.8.0_181/bin/client;C:/Program Files/Java/jre1.8.0_181/bin;C:/Program Files/Java/jre1.8.0_181/lib/i386;C:\Program Files\Common Files\Oracle\Java\javapath;C:\Windows\system32;C:\Windows;C:\Windows\System32\Wbem;C:\Windows\System32\WindowsPowerShell\v1.0\;C:\Program Files\Java\jdk1.8.0_181\bin;;D:\Sippi\SelAutomation\Eclipse\eclipse;;."/>
    <property name="java.specification.name" value="Java Platform API Specification"/>
    <property name="java.class.version" value="52.0"/>
    <property name="sun.management.compiler" value="HotSpot Client Compiler"/>
    <property name="os.version" value="6.1"/>
    <property name="user.home" value="C:\Users\Praniksha"/>
    <property name="user.timezone" value="Asia/Calcutta"/>
    <property name="java.awt.printerjob" value="sun.awt.windows.WPrinterJob"/>
    <property name="java.specification.version" value="1.8"/>
    <property name="file.encoding" value="Cp1252"/>
    <property name="user.name" value="Praniksha"/>
    <property name="java.class.path" value="/D:/Sippi/SelAutomation/Eclipse/eclipse/plugins/org.eclipse.m2e.maven.runtime_1.6.2.20150902-0001/jars/plexus-classworlds-2.5.2.jar"/>
    <property name="java.vm.specification.version" value="1.8"/>
    <property name="sun.arch.data.model" value="32"/>
    <property name="java.home" value="C:\Program Files\Java\jdk1.8.0_181\jre"/>
    <property name="sun.java.command" value="org.codehaus.plexus.classworlds.launcher.Launcher -B test"/>
    <property name="java.specification.vendor" value="Oracle Corporation"/>
    <property name="user.language" value="en"/>
    <property name="awt.toolkit" value="sun.awt.windows.WToolkit"/>
    <property name="java.vm.info" value="mixed mode, sharing"/>
    <property name="java.version" value="1.8.0_181"/>
    <property name="java.ext.dirs" value="C:\Program Files\Java\jdk1.8.0_181\jre\lib\ext;C:\Windows\Sun\Java\lib\ext"/>
    <property name="sun.boot.class.path" value="C:\Program Files\Java\jdk1.8.0_181\jre\lib\resources.jar;C:\Program Files\Java\jdk1.8.0_181\jre\lib\rt.jar;C:\Program Files\Java\jdk1.8.0_181\jre\lib\sunrsasign.jar;C:\Program Files\Java\jdk1.8.0_181\jre\lib\jsse.jar;C:\Program Files\Java\jdk1.8.0_181\jre\lib\jce.jar;C:\Program Files\Java\jdk1.8.0_181\jre\lib\charsets.jar;C:\Program Files\Java\jdk1.8.0_181\jre\lib\jfr.jar;C:\Program Files\Java\jdk1.8.0_181\jre\classes"/>
    <property name="java.vendor" value="Oracle Corporation"/>
    <property name="maven.home" value="D:\Sippi\SelAutomation\Projects\dineoutwithus\EMBEDDED"/>
    <property name="file.separator" value="\"/>
    <property name="java.vendor.url.bug" value="http://bugreport.sun.com/bugreport/"/>
    <property name="sun.cpu.endian" value="little"/>
    <property name="sun.io.unicode.encoding" value="UnicodeLittle"/>
    <property name="sun.desktop" value="windows"/>
    <property name="sun.cpu.isalist" value="pentium_pro+mmx pentium_pro pentium+mmx pentium i486 i386 i86"/>
  </properties>
  <testcase name="login" classname="dwuTests.dwuRegTests" time="30.237">
    <failure message="Unable to locate element: //a[contains(text(),&apos;Log In&apos;)]&#10;For documentation on this error, please visit: http://seleniumhq.org/exceptions/no_such_element.html&#10;Build info: version: &apos;3.12.0&apos;, revision: &apos;7c6e0b3&apos;, time: &apos;2018-05-08T14:04:26.12Z&apos;&#10;System info: host: &apos;PRANIKSHA-PC&apos;, ip: &apos;192.168.0.101&apos;, os.name: &apos;Windows 7&apos;, os.arch: &apos;x86&apos;, os.version: &apos;6.1&apos;, java.version: &apos;1.8.0_181&apos;&#10;Driver info: org.openqa.selenium.firefox.FirefoxDriver&#10;Capabilities {acceptInsecureCerts: true, browserName: firefox, browserVersion: 63.0.3, capabilities: {desiredCapabilities: {acceptInsecureCerts: true, browserName: firefox}}, javascriptEnabled: true, moz:accessibilityChecks: false, moz:headless: false, moz:processID: 2796, moz:profile: C:\Users\Praniksha\AppData\..., moz:useNonSpecCompliantPointerOrigin: false, moz:webdriverClick: true, pageLoadStrategy: normal, platform: WINDOWS, platformName: WINDOWS, platformVersion: 6.1, rotatable: false, setWindowRect: true, timeouts: {implicit: 0, pageLoad: 300000, script: 30000}, unhandledPromptBehavior: dismiss and notify}&#10;Session ID: b9b41059-b375-4564-99da-574dfb008841&#10;*** Element info: {Using=xpath, value=//a[contains(text(),&apos;Log In&apos;)]}" type="org.openqa.selenium.NoSuchElementException">org.openqa.selenium.NoSuchElementException: 
Unable to locate element: //a[contains(text(),'Log In')]
For documentation on this error, please visit: http://seleniumhq.org/exceptions/no_such_element.html
Build info: version: '3.12.0', revision: '7c6e0b3', time: '2018-05-08T14:04:26.12Z'
System info: host: 'PRANIKSHA-PC', ip: '192.168.0.101', os.name: 'Windows 7', os.arch: 'x86', os.version: '6.1', java.version: '1.8.0_181'
Driver info: org.openqa.selenium.firefox.FirefoxDriver
Capabilities {acceptInsecureCerts: true, browserName: firefox, browserVersion: 63.0.3, capabilities: {desiredCapabilities: {acceptInsecureCerts: true, browserName: firefox}}, javascriptEnabled: true, moz:accessibilityChecks: false, moz:headless: false, moz:processID: 2796, moz:profile: C:\Users\Praniksha\AppData\..., moz:useNonSpecCompliantPointerOrigin: false, moz:webdriverClick: true, pageLoadStrategy: normal, platform: WINDOWS, platformName: WINDOWS, platformVersion: 6.1, rotatable: false, setWindowRect: true, timeouts: {implicit: 0, pageLoad: 300000, script: 30000}, unhandledPromptBehavior: dismiss and notify}
Session ID: b9b41059-b375-4564-99da-574dfb008841
*** Element info: {Using=xpath, value=//a[contains(text(),'Log In')]}
	at dwuTests.dwuRegTests.login(dwuRegTests.java:21)
</failure>
    <system-out><![CDATA[We are in invoke driver method
FirefoxDriver: firefox on WINDOWS (b9b41059-b375-4564-99da-574dfb008841)
]]></system-out>
    <system-err><![CDATA[Dec 01, 2018 5:30:15 PM org.openqa.selenium.remote.DesiredCapabilities firefox
INFO: Using `new FirefoxOptions()` is preferred to `DesiredCapabilities.firefox()`
1543665616960	geckodriver	INFO	geckodriver 0.21.0 (c7d3022be6420de1ca4076d932aa32b299f3ea10 2018-06-14)
1543665616981	geckodriver	INFO	Listening on 127.0.0.1:22360
1543665618574	mozrunner::runner	INFO	Running command: "C:\\Program Files\\Mozilla Firefox\\firefox.exe" "-marionette" "-foreground" "-no-remote" "-profile" "C:\\Users\\PRANIK~1\\AppData\\Local\\Temp\\rust_mozprofile.0c641ALUgsOK"
1543665620733	Marionette	DEBUG	Received observer notification profile-after-change
1543665621189	Marionette	DEBUG	Received observer notification toplevel-window-ready
1543665621242	Marionette	DEBUG	Received observer notification command-line-startup
1543665621242	Marionette	DEBUG	Received observer notification nsPref:changed
1543665621242	Marionette	DEBUG	Init aborted (running=false, enabled=true, finalUIStartup=false)
1543665622393	Marionette	DEBUG	Received observer notification toplevel-window-ready
1543665624665	Marionette	DEBUG	Received observer notification sessionstore-windows-restored
1543665624666	Marionette	DEBUG	Waiting for delayed startup...
1543665624872	Marionette	DEBUG	Setting recommended pref app.update.disabledForTesting to true
1543665624873	Marionette	DEBUG	Setting recommended pref security.turn_off_all_security_so_that_viruses_can_take_over_this_computer to true
1543665624873	Marionette	DEBUG	Setting recommended pref apz.content_response_timeout to 60000
1543665624874	Marionette	DEBUG	Setting recommended pref browser.download.panel.shown to true
1543665624875	Marionette	DEBUG	Setting recommended pref browser.pagethumbnails.capturing_disabled to true
1543665624876	Marionette	DEBUG	Setting recommended pref browser.search.update to false
1543665624876	Marionette	DEBUG	Setting recommended pref toolkit.cosmeticAnimations.enabled to false
1543665624877	Marionette	DEBUG	Setting recommended pref browser.tabs.disableBackgroundZombification to false
1543665624877	Marionette	DEBUG	Setting recommended pref browser.tabs.warnOnCloseOtherTabs to false
1543665624877	Marionette	DEBUG	Setting recommended pref browser.tabs.warnOnOpen to false
1543665624878	Marionette	DEBUG	Setting recommended pref browser.usedOnWindows10.introURL to 
1543665624878	Marionette	DEBUG	Setting recommended pref browser.urlbar.suggest.searches to false
1543665624879	Marionette	DEBUG	Setting recommended pref datareporting.policy.dataSubmissionPolicyAccepted to false
1543665624880	Marionette	DEBUG	Setting recommended pref dom.disable_beforeunload to true
1543665624880	Marionette	DEBUG	Setting recommended pref dom.disable_open_during_load to false
1543665624880	Marionette	DEBUG	Setting recommended pref dom.file.createInChild to true
1543665624881	Marionette	DEBUG	Setting recommended pref dom.max_chrome_script_run_time to 0
1543665624881	Marionette	DEBUG	Setting recommended pref dom.max_script_run_time to 0
1543665624881	Marionette	DEBUG	Setting recommended pref extensions.getAddons.cache.enabled to false
1543665624882	Marionette	DEBUG	Setting recommended pref extensions.webservice.discoverURL to http://%(server)s/dummy/discoveryURL
1543665624882	Marionette	DEBUG	Setting recommended pref network.http.prompt-temp-redirect to false
1543665624882	Marionette	DEBUG	Setting recommended pref network.http.speculative-parallel-limit to 0
1543665624882	Marionette	DEBUG	Setting recommended pref security.fileuri.strict_origin_policy to false
1543665624883	Marionette	DEBUG	Setting recommended pref security.notification_enable_delay to 0
1543665624883	Marionette	DEBUG	Setting recommended pref signon.autofillForms to false
1543665624884	Marionette	DEBUG	Setting recommended pref signon.rememberSignons to false
1543665625005	Marionette	INFO	Listening on port 51144
1543665625006	Marionette	DEBUG	Remote service is active
1543665625198	Marionette	DEBUG	Accepted connection 0 from 127.0.0.1:51160
1543665625208	Marionette	TRACE	0 -> [0,1,"WebDriver:NewSession",{"acceptInsecureCerts":true,"browserName":"firefox","capabilities":{"desiredCapabilities":{"acceptInsecureCerts":true,"browserName":"firefox"}}}]
1543665625209	Marionette	WARN	TLS certificate errors will be ignored for this session
1543665625327	Marionette	DEBUG	[6442450945] Frame script loaded
1543665625340	Marionette	DEBUG	[6442450945] Frame script registered
1543665625349	Marionette	TRACE	0 <- [1,1,null,{"sessionId":"b9b41059-b375-4564-99da-574dfb008841","capabilities":{"browserName":"firefox","browserVersion":"63.0. ... alse,"moz:webdriverClick":true,"capabilities":{"desiredCapabilities":{"acceptInsecureCerts":true,"browserName":"firefox"}}}}]
Dec 01, 2018 5:30:25 PM org.openqa.selenium.remote.ProtocolHandshake createSession
INFO: Detected dialect: W3C
1543665625485	Marionette	TRACE	0 -> [0,2,"WebDriver:Navigate",{"url":"http://testsite.dineoutwith.us"}]
1543665625506	Marionette	DEBUG	[6442450945] Received DOM event beforeunload for about:blank
1543665626123	Marionette	DEBUG	[6442450945] Received DOM event pagehide for about:blank
1543665632958	Marionette	DEBUG	[6442450945] Received observer notification outer-window-destroyed
JavaScript warning: http://testsite.dineoutwith.us/controllers/search.js, line 464: unreachable code after return statement
JavaScript warning: http://testsite.dineoutwith.us/controllers/search.js, line 515: unreachable code after return statement
JavaScript warning: http://testsite.dineoutwith.us/controllers/giftCard.js, line 329: unreachable code after return statement
1543665635559	Marionette	DEBUG	[6442450945] Received DOM event DOMContentLoaded for http://testsite.dineoutwith.us/
1543665641868	Marionette	DEBUG	[6442450945] Received DOM event pageshow for http://testsite.dineoutwith.us/
1543665641878	Marionette	TRACE	0 <- [1,2,null,{"value":null}]
1543665641943	Marionette	TRACE	0 -> [0,3,"WebDriver:MaximizeWindow",{}]
console.error: BroadcastService: 
  receivedBroadcastMessage: handler for
  remote-settings/monitor_changes
  threw error:
  Message: Error: Polling for changes failed: NetworkError when attempting to fetch resource..
  Stack:
    remoteSettingsFunction/remoteSettings.pollChanges@resource://services-settings/remote-settings.js:721:13

1543665645454	Marionette	TRACE	0 <- [1,3,null,{"x":-8,"y":-8,"width":1382,"height":744,"state":"maximized"}]
1543665645465	Marionette	TRACE	0 -> [0,4,"WebDriver:GetTitle",{}]
1543665645466	Marionette	TRACE	0 <- [1,4,null,{"value":"Great Restaurants. Great Friends. No Hassles!"}]
1543665645843	Marionette	TRACE	0 -> [0,5,"WebDriver:FindElement",{"using":"xpath","value":"//a[contains(text(),'Log In')]"}]
1543665645853	Marionette	TRACE	0 <- [1,5,{"error":"no such element","message":"Unable to locate element: //a[contains(text(),'Log In')]","stacktrace":"WebDriverE ... entError@chrome://marionette/content/error.js:388:5\nelement.find/</<@chrome://marionette/content/element.js:339:16\n"},null]
]]></system-err>
  </testcase>
  <testcase name="endReport" classname="dwuTests.dwuRegTests" time="30.343">
    <failure type="java.lang.NullPointerException">java.lang.NullPointerException
</failure>
  </testcase>
</testsuite>